\BOOKMARK [0][-]{chapter.1}{Introduction}{}% 1
\BOOKMARK [1][-]{section.1.1}{Motivation}{chapter.1}% 2
\BOOKMARK [1][-]{section.1.2}{Aims}{chapter.1}% 3
\BOOKMARK [1][-]{section.1.3}{Background}{chapter.1}% 4
\BOOKMARK [1][-]{section.1.4}{Preliminaries}{chapter.1}% 5
\BOOKMARK [1][-]{section.1.5}{Outline}{chapter.1}% 6
\BOOKMARK [0][-]{chapter.2}{Design}{}% 7
\BOOKMARK [1][-]{section.2.1}{Selection of a suitable graphics framework}{chapter.2}% 8
\BOOKMARK [1][-]{section.2.2}{Use cases}{chapter.2}% 9
\BOOKMARK [1][-]{section.2.3}{Components}{chapter.2}% 10
\BOOKMARK [1][-]{section.2.4}{Classes}{chapter.2}% 11
\BOOKMARK [2][-]{subsection.2.4.1}{AnimatedDataStructure Component}{section.2.4}% 12
\BOOKMARK [2][-]{subsection.2.4.2}{AnimatedArray Component}{section.2.4}% 13
\BOOKMARK [2][-]{subsection.2.4.3}{AnimatedLinkedList Component}{section.2.4}% 14
\BOOKMARK [2][-]{subsection.2.4.4}{AnimatedBinaryTree Component}{section.2.4}% 15
\BOOKMARK [2][-]{subsection.2.4.5}{MetaDataManager Component}{section.2.4}% 16
\BOOKMARK [2][-]{subsection.2.4.6}{UI Component}{section.2.4}% 17
\BOOKMARK [0][-]{chapter.3}{Implementation}{}% 18
\BOOKMARK [1][-]{section.3.1}{User Interface}{chapter.3}% 19
\BOOKMARK [1][-]{section.3.2}{Problems Encountered}{chapter.3}% 20
\BOOKMARK [2][-]{subsection.3.2.1}{Dynamic features}{section.3.2}% 21
\BOOKMARK [2][-]{subsection.3.2.2}{Alexander Ferguson}{section.3.2}% 22
\BOOKMARK [2][-]{subsection.3.2.3}{Separating animations into steps and making continuous animations}{section.3.2}% 23
\BOOKMARK [2][-]{subsection.3.2.4}{Refactoring}{section.3.2}% 24
\BOOKMARK [0][-]{chapter.4}{Evaluation}{}% 25
\BOOKMARK [0][-]{chapter.5}{Conclusion}{}% 26
\BOOKMARK [1][-]{section.5.1}{Contributions}{chapter.5}% 27
\BOOKMARK [2][-]{subsection.5.1.1}{Arthur Bigeard}{section.5.1}% 28
\BOOKMARK [2][-]{subsection.5.1.2}{Alexander Ferguson}{section.5.1}% 29
\BOOKMARK [2][-]{subsection.5.1.3}{Andrew Gibson}{section.5.1}% 30
\BOOKMARK [2][-]{subsection.5.1.4}{Gediminas Leikus}{section.5.1}% 31
\BOOKMARK [2][-]{subsection.5.1.5}{Liam Bell}{section.5.1}% 32
\BOOKMARK [0][-]{appendix.A}{Glossary}{}% 33
\BOOKMARK [1][-]{section.A.1}{API}{appendix.A}% 34
\BOOKMARK [0][-]{appendix.B}{Maintenance document}{}% 35
\BOOKMARK [0][-]{appendix.C}{User manual}{}% 36
\BOOKMARK [0][-]{appendix.D}{User interface}{}% 37
