This is pdfTeX, Version 3.1415926-2.4-1.40.13 (TeX Live 2012) (format=pdflatex 2012.6.30)  13 MAR 2013 01:08
entering extended mode
 restricted \write18 enabled.
 %&-line parsing enabled.
**example
(./example.tex
LaTeX2e <2011/06/27>
Babel <v3.8m> and hyphenation patterns for english, dumylang, nohyphenation, ge
rman-x-2012-05-30, ngerman-x-2012-05-30, afrikaans, ancientgreek, ibycus, arabi
c, armenian, basque, bulgarian, catalan, pinyin, coptic, croatian, czech, danis
h, dutch, ukenglish, usenglishmax, esperanto, estonian, ethiopic, farsi, finnis
h, french, friulan, galician, german, ngerman, swissgerman, monogreek, greek, h
ungarian, icelandic, assamese, bengali, gujarati, hindi, kannada, malayalam, ma
rathi, oriya, panjabi, tamil, telugu, indonesian, interlingua, irish, italian, 
kurmanji, latin, latvian, lithuanian, mongolian, mongolianlmc, bokmal, nynorsk,
 polish, portuguese, romanian, romansh, russian, sanskrit, serbian, serbianc, s
lovak, slovenian, spanish, swedish, turkish, turkmen, ukrainian, uppersorbian, 
welsh, loaded.
(./l3proj.cls
Document Class: l3proj 2009/01/09 Colin Perkins <csp@dcs.gla.ac.uk>.2009/09/16 
Modified by Tim Storer <tws@dcs.gla.ac.uk> to support non pdf modes.2011/02/23 
Modified by Jeremy.Singer@glasgow.ac.uk to use hyperref.
(/usr/local/texlive/2012/texmf-dist/tex/latex/base/report.cls
Document Class: report 2007/10/19 v1.4h Standard LaTeX document class
(/usr/local/texlive/2012/texmf-dist/tex/latex/base/size11.clo
File: size11.clo 2007/10/19 v1.4h Standard LaTeX file (size option)
)
\c@part=\count79
\c@chapter=\count80
\c@section=\count81
\c@subsection=\count82
\c@subsubsection=\count83
\c@paragraph=\count84
\c@subparagraph=\count85
\c@figure=\count86
\c@table=\count87
\abovecaptionskip=\skip41
\belowcaptionskip=\skip42
\bibindent=\dimen102
)
(/usr/local/texlive/2012/texmf-dist/tex/generic/oberdiek/ifpdf.sty
Package: ifpdf 2011/01/30 v2.3 Provides the ifpdf switch (HO)
Package ifpdf Info: pdfTeX in PDF mode is detected.
)
(/usr/local/texlive/2012/texmf-dist/tex/latex/graphics/graphicx.sty
Package: graphicx 1999/02/16 v1.0f Enhanced LaTeX Graphics (DPC,SPQR)

(/usr/local/texlive/2012/texmf-dist/tex/latex/graphics/keyval.sty
Package: keyval 1999/03/16 v1.13 key=value parser (DPC)
\KV@toks@=\toks14
)
(/usr/local/texlive/2012/texmf-dist/tex/latex/graphics/graphics.sty
Package: graphics 2009/02/05 v1.0o Standard LaTeX Graphics (DPC,SPQR)

(/usr/local/texlive/2012/texmf-dist/tex/latex/graphics/trig.sty
Package: trig 1999/03/16 v1.09 sin cos tan (DPC)
)
(/usr/local/texlive/2012/texmf-dist/tex/latex/latexconfig/graphics.cfg
File: graphics.cfg 2010/04/23 v1.9 graphics configuration of TeX Live
)
Package graphics Info: Driver file: pdftex.def on input line 91.

(/usr/local/texlive/2012/texmf-dist/tex/latex/pdftex-def/pdftex.def
File: pdftex.def 2011/05/27 v0.06d Graphics/color for pdfTeX

(/usr/local/texlive/2012/texmf-dist/tex/generic/oberdiek/infwarerr.sty
Package: infwarerr 2010/04/08 v1.3 Providing info/warning/error messages (HO)
)
(/usr/local/texlive/2012/texmf-dist/tex/generic/oberdiek/ltxcmds.sty
Package: ltxcmds 2011/11/09 v1.22 LaTeX kernel commands for general use (HO)
)
\Gread@gobject=\count88
))
\Gin@req@height=\dimen103
\Gin@req@width=\dimen104
)
(/usr/local/texlive/2012/texmf-dist/tex/latex/psnfss/times.sty
Package: times 2005/04/12 PSNFSS-v9.2a (SPQR) 
)
(/usr/local/texlive/2012/texmf-dist/tex/latex/hyperref/hyperref.sty
Package: hyperref 2012/05/13 v6.82q Hypertext links for LaTeX

(/usr/local/texlive/2012/texmf-dist/tex/generic/oberdiek/hobsub-hyperref.sty
Package: hobsub-hyperref 2012/05/28 v1.13 Bundle oberdiek, subset hyperref (HO)


(/usr/local/texlive/2012/texmf-dist/tex/generic/oberdiek/hobsub-generic.sty
Package: hobsub-generic 2012/05/28 v1.13 Bundle oberdiek, subset generic (HO)
Package: hobsub 2012/05/28 v1.13 Construct package bundles (HO)
Package hobsub Info: Skipping package `infwarerr' (already loaded).
Package hobsub Info: Skipping package `ltxcmds' (already loaded).
Package: ifluatex 2010/03/01 v1.3 Provides the ifluatex switch (HO)
Package ifluatex Info: LuaTeX not detected.
Package: ifvtex 2010/03/01 v1.5 Detect VTeX and its facilities (HO)
Package ifvtex Info: VTeX not detected.
Package: intcalc 2007/09/27 v1.1 Expandable calculations with integers (HO)
Package hobsub Info: Skipping package `ifpdf' (already loaded).
Package: etexcmds 2011/02/16 v1.5 Avoid name clashes with e-TeX commands (HO)
Package etexcmds Info: Could not find \expanded.
(etexcmds)             That can mean that you are not using pdfTeX 1.50 or
(etexcmds)             that some package has redefined \expanded.
(etexcmds)             In the latter case, load this package earlier.
Package: kvsetkeys 2012/04/25 v1.16 Key value parser (HO)
Package: kvdefinekeys 2011/04/07 v1.3 Define keys (HO)
Package: pdftexcmds 2011/11/29 v0.20 Utility functions of pdfTeX for LuaTeX (HO
)
Package pdftexcmds Info: LuaTeX not detected.
Package pdftexcmds Info: \pdf@primitive is available.
Package pdftexcmds Info: \pdf@ifprimitive is available.
Package pdftexcmds Info: \pdfdraftmode found.
Package: pdfescape 2011/11/25 v1.13 Implements pdfTeX's escape features (HO)
Package: bigintcalc 2012/04/08 v1.3 Expandable calculations on big integers (HO
)
Package: bitset 2011/01/30 v1.1 Handle bit-vector datatype (HO)
Package: uniquecounter 2011/01/30 v1.2 Provide unlimited unique counter (HO)
)
Package hobsub Info: Skipping package `hobsub' (already loaded).
Package: letltxmacro 2010/09/02 v1.4 Let assignment for LaTeX macros (HO)
Package: hopatch 2012/05/28 v1.2 Wrapper for package hooks (HO)
Package: xcolor-patch 2011/01/30 xcolor patch
Package: atveryend 2011/06/30 v1.8 Hooks at the very end of document (HO)
Package atveryend Info: \enddocument detected (standard20110627).
Package: atbegshi 2011/10/05 v1.16 At begin shipout hook (HO)
Package: refcount 2011/10/16 v3.4 Data extraction from label references (HO)
Package: hycolor 2011/01/30 v1.7 Color options for hyperref/bookmark (HO)
)
(/usr/local/texlive/2012/texmf-dist/tex/generic/ifxetex/ifxetex.sty
Package: ifxetex 2010/09/12 v0.6 Provides ifxetex conditional
)
(/usr/local/texlive/2012/texmf-dist/tex/latex/oberdiek/kvoptions.sty
Package: kvoptions 2011/06/30 v3.11 Key value format for package options (HO)
)
\@linkdim=\dimen105
\Hy@linkcounter=\count89
\Hy@pagecounter=\count90

(/usr/local/texlive/2012/texmf-dist/tex/latex/hyperref/pd1enc.def
File: pd1enc.def 2012/05/13 v6.82q Hyperref: PDFDocEncoding definition (HO)
)
\Hy@SavedSpaceFactor=\count91

(/usr/local/texlive/2012/texmf-dist/tex/latex/latexconfig/hyperref.cfg
File: hyperref.cfg 2002/06/06 v1.2 hyperref configuration of TeXLive
)
Package hyperref Info: Option `colorlinks' set `true' on input line 3941.
Package hyperref Info: Hyper figures OFF on input line 4062.
Package hyperref Info: Link nesting OFF on input line 4067.
Package hyperref Info: Hyper index ON on input line 4070.
Package hyperref Info: Plain pages OFF on input line 4077.
Package hyperref Info: Backreferencing OFF on input line 4082.
Package hyperref Info: Implicit mode ON; LaTeX internals redefined.
Package hyperref Info: Bookmarks ON on input line 4300.
\c@Hy@tempcnt=\count92

(/usr/local/texlive/2012/texmf-dist/tex/latex/url/url.sty
\Urlmuskip=\muskip10
Package: url 2006/04/12  ver 3.3  Verb mode for urls, etc.
)
LaTeX Info: Redefining \url on input line 4653.
\Fld@menulength=\count93
\Field@Width=\dimen106
\Fld@charsize=\dimen107
Package hyperref Info: Hyper figures OFF on input line 5773.
Package hyperref Info: Link nesting OFF on input line 5778.
Package hyperref Info: Hyper index ON on input line 5781.
Package hyperref Info: backreferencing OFF on input line 5788.
Package hyperref Info: Link coloring ON on input line 5791.
Package hyperref Info: Link coloring with OCG OFF on input line 5798.
Package hyperref Info: PDF/A mode OFF on input line 5803.
LaTeX Info: Redefining \ref on input line 5843.
LaTeX Info: Redefining \pageref on input line 5847.
\Hy@abspage=\count94
\c@Item=\count95
\c@Hfootnote=\count96
)

Package hyperref Message: Driver (autodetected): hpdftex.

(/usr/local/texlive/2012/texmf-dist/tex/latex/hyperref/hpdftex.def
File: hpdftex.def 2012/05/13 v6.82q Hyperref driver for pdfTeX
\Fld@listcount=\count97
\c@bookmark@seq@number=\count98

(/usr/local/texlive/2012/texmf-dist/tex/latex/oberdiek/rerunfilecheck.sty
Package: rerunfilecheck 2011/04/15 v1.7 Rerun checks for auxiliary files (HO)
Package uniquecounter Info: New unique counter `rerunfilecheck' on input line 2
82.
)
\Hy@SectionHShift=\skip43
))
(/usr/local/texlive/2012/texmf-dist/tex/latex/datetime/datetime.sty
Package: datetime 2010/09/21 v2.58 Date Time Package

(/usr/local/texlive/2012/texmf-dist/tex/latex/fmtcount/fmtcount.sty
Package: fmtcount 2009/10/02 v1.31

(/usr/local/texlive/2012/texmf-dist/tex/latex/base/ifthen.sty
Package: ifthen 2001/05/26 v1.1c Standard LaTeX ifthen package (DPC)
)
(/usr/local/texlive/2012/texmf-dist/tex/latex/amsmath/amsgen.sty
File: amsgen.sty 1999/11/30 v2.0
\@emptytoks=\toks15
\ex@=\dimen108
)
\c@padzeroesN=\count99

(/usr/local/texlive/2012/texmf-dist/tex/latex/fmtcount/fc-english.def
File: fc-english 2007/05/26
)
(/usr/local/texlive/2012/texmf-dist/tex/latex/fmtcount/fc-UKenglish.def
File: fc-UKenglish 2007/06/14
)
(/usr/local/texlive/2012/texmf-dist/tex/latex/fmtcount/fc-british.def
File: fc-british 2007/06/14
)
(/usr/local/texlive/2012/texmf-dist/tex/latex/fmtcount/fc-USenglish.def
File: fc-USenglish 2007/06/14
)
(/usr/local/texlive/2012/texmf-dist/tex/latex/fmtcount/fc-spanish.def
File: fc-spanish.def 2007/05/26
)
(/usr/local/texlive/2012/texmf-dist/tex/latex/fmtcount/fc-portuges.def
File: fc-portuges.def 2007/05/26
)
(/usr/local/texlive/2012/texmf-dist/tex/latex/fmtcount/fc-french.def
File: fc-french.def 2007/05/26
)
(/usr/local/texlive/2012/texmf-dist/tex/latex/fmtcount/fc-german.def
File: fc-german.def 2007/06/14
)
(/usr/local/texlive/2012/texmf-dist/tex/latex/fmtcount/fc-italian.def
File: fc-italian.def 2009/10/02 Italian support for fmtcount (Edoardo Pasca)
)
No configuration file fmtcount.cfg found.
\@DT@modctr=\count100
\@ordinalctr=\count101
\@orgargctr=\count102
\@strctr=\count103
\@tmpstrctr=\count104
\@DT@loopN=\count105
\@DT@X=\count106
)
\@day=\count107
\@month=\count108
\@year=\count109
\c@HOUR=\count110
\c@HOURXII=\count111
\c@MINUTE=\count112
\c@TOHOUR=\count113
\c@TOMINUTE=\count114
\c@SECOND=\count115
\currenthour=\count116
\currentminute=\count117
\currentsecond=\count118
Package datetime Info: No datetime.cfg file found, using default settings on in
put line 292.
\@dtctr=\count119
\dayofyear=\count120
\dayofweek=\count121
LaTeX Info: Redefining \today on input line 724.
\dt@a=\toks16
\dt@b=\toks17
)
No file example.aux.
\openout1 = `example.aux'.

LaTeX Font Info:    Checking defaults for OML/cmm/m/it on input line 11.
LaTeX Font Info:    ... okay on input line 11.
LaTeX Font Info:    Checking defaults for T1/cmr/m/n on input line 11.
LaTeX Font Info:    ... okay on input line 11.
LaTeX Font Info:    Checking defaults for OT1/cmr/m/n on input line 11.
LaTeX Font Info:    ... okay on input line 11.
LaTeX Font Info:    Checking defaults for OMS/cmsy/m/n on input line 11.
LaTeX Font Info:    ... okay on input line 11.
LaTeX Font Info:    Checking defaults for OMX/cmex/m/n on input line 11.
LaTeX Font Info:    ... okay on input line 11.
LaTeX Font Info:    Checking defaults for U/cmr/m/n on input line 11.
LaTeX Font Info:    ... okay on input line 11.
LaTeX Font Info:    Checking defaults for PD1/pdf/m/n on input line 11.
LaTeX Font Info:    ... okay on input line 11.
LaTeX Font Info:    Try loading font information for OT1+ptm on input line 11.
(/usr/local/texlive/2012/texmf-dist/tex/latex/psnfss/ot1ptm.fd
File: ot1ptm.fd 2001/06/04 font definitions for OT1/ptm.
)
(/usr/local/texlive/2012/texmf-dist/tex/context/base/supp-pdf.mkii
[Loading MPS to PDF converter (version 2006.09.02).]
\scratchcounter=\count122
\scratchdimen=\dimen109
\scratchbox=\box26
\nofMPsegments=\count123
\nofMParguments=\count124
\everyMPshowfont=\toks18
\MPscratchCnt=\count125
\MPscratchDim=\dimen110
\MPnumerator=\count126
\makeMPintoPDFobject=\count127
\everyMPtoPDFconversion=\toks19
) (/usr/local/texlive/2012/texmf-dist/tex/latex/oberdiek/epstopdf-base.sty
Package: epstopdf-base 2010/02/09 v2.5 Base part for package epstopdf

(/usr/local/texlive/2012/texmf-dist/tex/latex/oberdiek/grfext.sty
Package: grfext 2010/08/19 v1.1 Manage graphics extensions (HO)
)
Package grfext Info: Graphics extension search list:
(grfext)             [.png,.pdf,.jpg,.mps,.jpeg,.jbig2,.jb2,.PNG,.PDF,.JPG,.JPE
G,.JBIG2,.JB2,.eps]
(grfext)             \AppendGraphicsExtensions on input line 452.

(/usr/local/texlive/2012/texmf-dist/tex/latex/latexconfig/epstopdf-sys.cfg
File: epstopdf-sys.cfg 2010/07/13 v1.3 Configuration of (r)epstopdf for TeX Liv
e
))
\AtBeginShipoutBox=\box27

(/usr/local/texlive/2012/texmf-dist/tex/latex/graphics/color.sty
Package: color 2005/11/14 v1.0j Standard LaTeX Color (DPC)

(/usr/local/texlive/2012/texmf-dist/tex/latex/latexconfig/color.cfg
File: color.cfg 2007/01/18 v1.5 color configuration of teTeX/TeXLive
)
Package color Info: Driver file: pdftex.def on input line 130.
)
Package hyperref Info: Link coloring ON on input line 11.

(/usr/local/texlive/2012/texmf-dist/tex/latex/hyperref/nameref.sty
Package: nameref 2010/04/30 v2.40 Cross-referencing by name of section

(/usr/local/texlive/2012/texmf-dist/tex/generic/oberdiek/gettitlestring.sty
Package: gettitlestring 2010/12/03 v1.4 Cleanup title references (HO)
)
\c@section@level=\count128
)
LaTeX Info: Redefining \ref on input line 11.
LaTeX Info: Redefining \pageref on input line 11.
LaTeX Info: Redefining \nameref on input line 11.
\@outlinefile=\write3
\openout3 = `example.out'.


<images/CompSci_mono.pdf, id=4, 340.27126pt x 49.18375pt>
File: images/CompSci_mono.pdf Graphic file (type pdf)

<use images/CompSci_mono.pdf>
Package pdftex.def Info: images/CompSci_mono.pdf used on input line 20.
(pdftex.def)             Requested size: 300.43684pt x 9.35004pt.
LaTeX Font Info:    External font `cmex10' loaded for size
(Font)              <12> on input line 20.
LaTeX Font Info:    External font `cmex10' loaded for size
(Font)              <8> on input line 20.
LaTeX Font Info:    External font `cmex10' loaded for size
(Font)              <6> on input line 20.
 [1

{/usr/local/texlive/2012/texmf-var/fonts/map/pdftex/updmap/pdftex.map} <./image
s/CompSci_mono.pdf>]
LaTeX Font Info:    Font shape `OT1/ptm/bx/n' in size <10.95> not available
(Font)              Font shape `OT1/ptm/b/n' tried instead on input line 21.
pdfTeX warning (ext4): destination with the same identifier (name{page.1}) has 
been already used, duplicate ignored
<to be read again> 
                   \relax 
l.26 \end{abstract}
                    [1]
LaTeX Font Info:    Font shape `OT1/ptm/bx/n' in size <14.4> not available
(Font)              Font shape `OT1/ptm/b/n' tried instead on input line 27.
LaTeX Font Info:    External font `cmex10' loaded for size
(Font)              <10.95> on input line 27.
pdfTeX warning (ext4): destination with the same identifier (name{page.1}) has 
been already used, duplicate ignored
<to be read again> 
                   \relax 
l.28 \tableofcontents
                      [1]
LaTeX Font Info:    Font shape `OT1/ptm/bx/n' in size <24.88> not available
(Font)              Font shape `OT1/ptm/b/n' tried instead on input line 28.
\tf@toc=\write4
\openout4 = `example.toc'.

 [2

]
Chapter 1.
LaTeX Font Info:    Font shape `OT1/ptm/bx/n' in size <20.74> not available
(Font)              Font shape `OT1/ptm/b/n' tried instead on input line 30.
[3

]
Chapter 2.
<images/useCases.png, id=32, 763.35187pt x 386.94562pt>
File: images/useCases.png Graphic file (type png)

<use images/useCases.png>
Package pdftex.def Info: images/useCases.png used on input line 40.
(pdftex.def)             Requested size: 327.20668pt x 165.85788pt.
LaTeX Font Info:    Try loading font information for OMS+ptm on input line 45.

(/usr/local/texlive/2012/texmf-dist/tex/latex/psnfss/omsptm.fd
File: omsptm.fd 
)
LaTeX Font Info:    Font shape `OMS/ptm/m/n' in size <10.95> not available
(Font)              Font shape `OMS/cmsy/m/n' tried instead on input line 45.

<images/componentDiagram.png, id=33, 565.36218pt x 414.04688pt>
File: images/componentDiagram.png Graphic file (type png)

<use images/componentDiagram.png>
Package pdftex.def Info: images/componentDiagram.png used on input line 51.
(pdftex.def)             Requested size: 327.20668pt x 239.6356pt.
 [4

 <./images/useCases.png>]
LaTeX Font Info:    Font shape `OT1/ptm/bx/n' in size <12> not available
(Font)              Font shape `OT1/ptm/b/n' tried instead on input line 54.

<images/animatedDataStructureDiagram.png, id=41, 539.01375pt x 362.85562pt>
File: images/animatedDataStructureDiagram.png Graphic file (type png)

<use images/animatedDataStructureDiagram.png>
Package pdftex.def Info: images/animatedDataStructureDiagram.png used on input 
line 55.
(pdftex.def)             Requested size: 327.20668pt x 220.27301pt.
 [5 <./images/componentDiagram.png> <./images/animatedDataStructureDiagram.png>
]
<images/arrayDiagram.png, id=50, 496.10344pt x 389.95688pt>
File: images/arrayDiagram.png Graphic file (type png)

<use images/arrayDiagram.png>
Package pdftex.def Info: images/arrayDiagram.png used on input line 64.
(pdftex.def)             Requested size: 327.20668pt x 257.19977pt.

<images/linkedListDiagram.png, id=51, 452.4403pt x 416.30531pt>
File: images/linkedListDiagram.png Graphic file (type png)

<use images/linkedListDiagram.png>
Package pdftex.def Info: images/linkedListDiagram.png used on input line 67.
(pdftex.def)             Requested size: 327.20668pt x 301.07358pt.

Overfull \hbox (7.26057pt too wide) in paragraph at lines 67--71
[] \OT1/ptm/m/n/10.95 The An-i-mat-edLinkedList
 []

[6 <./images/arrayDiagram.png>]

LaTeX Warning: File `images/heapDiagram.png' not found on input line 72.


! Package pdftex.def Error: File `images/heapDiagram.png' not found.

See the pdftex.def package documentation for explanation.
Type  H <return>  for immediate help.
 ...                                              
                                                  
l.72 ...phics[width=115mm]{images/heapDiagram.png}
                                                  
? 
LaTeX Font Info:    Try loading font information for OT1+pcr on input line 72.
(/usr/local/texlive/2012/texmf-dist/tex/latex/psnfss/ot1pcr.fd
File: ot1pcr.fd 2001/06/04 font definitions for OT1/pcr.
) [7 <./images/linkedListDiagram.png>]
<images/metaDataDiagram.png, id=62, 506.6428pt x 362.85562pt>
File: images/metaDataDiagram.png Graphic file (type png)

<use images/metaDataDiagram.png>
Package pdftex.def Info: images/metaDataDiagram.png used on input line 74.
(pdftex.def)             Requested size: 327.20668pt x 234.34737pt.
 [8 <./images/metaDataDiagram.png>]
<images/UIDiagram.png, id=70, 428.35031pt x 242.40562pt>
File: images/UIDiagram.png Graphic file (type png)

<use images/UIDiagram.png>
Package pdftex.def Info: images/UIDiagram.png used on input line 78.
(pdftex.def)             Requested size: 327.20668pt x 185.16966pt.
 [9 <./images/UIDiagram.png>]
Chapter 3.
[10

] (./figures/swap.tex
Overfull \hbox (513.80887pt too wide) in paragraph at lines 36--36
[]\OT1/pcr/m/n/10.95 information = "Swapping index " + a + " (" + rect_list.get
(a).getLabel() + ") " + " with index " + b + " (" + rect_list.get(b).getLabel()
 + ")";
 []


Overfull \hbox (264.14917pt too wide) in paragraph at lines 36--36
[]\OT1/pcr/m/n/10.95 s.addAnimator(new Animator.Builder().setDuration(1, TimeUn
it.MILLISECONDS).build(), s.getFirstAnimator());
 []


Overfull \hbox (47.33943pt too wide) in paragraph at lines 36--36
\OT1/pcr/m/n/10.95 // create an animator for this, which we could use to trigge
r this change[] 
 []


Overfull \hbox (40.76944pt too wide) in paragraph at lines 36--36
[]\OT1/pcr/m/n/10.95 s.getLastAnimator().addTarget(new ChangeLabel(this, inform
ation, this));
 []


Overfull \hbox (34.19945pt too wide) in paragraph at lines 36--36
\OT1/pcr/m/n/10.95 // create a timing target to change the label when the anima
tion starts[] 
 []


Overfull \hbox (408.689pt too wide) in paragraph at lines 36--36
[]\OT1/pcr/m/n/10.95 // Create the Animators and PropertySetters (what should t
he animation change the property from what to what) for swapping rects[] 
 []


Overfull \hbox (283.85915pt too wide) in paragraph at lines 36--36
[]\OT1/pcr/m/n/10.95 s.addAnimator(new Animator.Builder().setDuration(time, Tim
eUnit.MILLISECONDS).build(), s.getFirstAnimator());
 []


Overfull \hbox (113.03935pt too wide) in paragraph at lines 36--36
\OT1/pcr/m/n/10.95 // we want this Animator to start the same time the first An
imator in the step does[] 
 []


Overfull \hbox (592.64877pt too wide) in paragraph at lines 36--36
[]\OT1/pcr/m/n/10.95 s.getLastAnimator().addTarget(PropertySetter.getTarget(rec
t_list.get(a), "currentY", rect_list.get(a).getRec().y, rect_list.get(a).getRec
().y+rectSpace()));[] 
 []


Overfull \hbox (198.44925pt too wide) in paragraph at lines 36--36
[]\OT1/pcr/m/n/10.95 s.addAnimator(new Animator.Builder().setDuration(time, Tim
eUnit.MILLISECONDS).build(), nextBtn);
 []


Overfull \hbox (270.71916pt too wide) in paragraph at lines 36--36
\OT1/pcr/m/n/10.95 // we want this Animator to start straight after the last An
imator finishes. This is how it's done just now[] 
 []


Overfull \hbox (513.80887pt too wide) in paragraph at lines 36--36
[]\OT1/pcr/m/n/10.95 s.getLastAnimator().addTarget(PropertySetter.getTarget(rec
t_list.get(a), "currentX", rect_list.get(a).getRec().x, rect_list.get(b).getRec
().x));[] 
 []


Overfull \hbox (198.44925pt too wide) in paragraph at lines 36--36
[]\OT1/pcr/m/n/10.95 s.addAnimator(new Animator.Builder().setDuration(time, Tim
eUnit.MILLISECONDS).build(), nextBtn);[] 
 []


Overfull \hbox (592.64877pt too wide) in paragraph at lines 36--36
[]\OT1/pcr/m/n/10.95 s.getLastAnimator().addTarget(PropertySetter.getTarget(rec
t_list.get(a), "currentY", rect_list.get(a).getRec().y+rectSpace(), rect_list.g
et(a).getRec().y));[] 
 []


Overfull \hbox (283.85915pt too wide) in paragraph at lines 36--36
[]\OT1/pcr/m/n/10.95 s.addAnimator(new Animator.Builder().setDuration(time, Tim
eUnit.MILLISECONDS).build(), s.getFirstAnimator());
 []


Overfull \hbox (113.03935pt too wide) in paragraph at lines 36--36
\OT1/pcr/m/n/10.95 // we want this Animator to start the same time the first An
imator in the step does[] 
 []


Overfull \hbox (592.64877pt too wide) in paragraph at lines 36--36
[]\OT1/pcr/m/n/10.95 s.getLastAnimator().addTarget(PropertySetter.getTarget(rec
t_list.get(b), "currentY", rect_list.get(b).getRec().y, rect_list.get(b).getRec
().y-rectSpace()));[] 
 []


Overfull \hbox (198.44925pt too wide) in paragraph at lines 36--36
[]\OT1/pcr/m/n/10.95 s.addAnimator(new Animator.Builder().setDuration(time, Tim
eUnit.MILLISECONDS).build(), nextBtn);[] 
 []


Overfull \hbox (513.80887pt too wide) in paragraph at lines 36--36
[]\OT1/pcr/m/n/10.95 s.getLastAnimator().addTarget(PropertySetter.getTarget(rec
t_list.get(b), "currentX", rect_list.get(b).getRec().x, rect_list.get(a).getRec
().x));[] 
 []


Overfull \hbox (198.44925pt too wide) in paragraph at lines 36--36
[]\OT1/pcr/m/n/10.95 s.addAnimator(new Animator.Builder().setDuration(time, Tim
eUnit.MILLISECONDS).build(), nextBtn);[] 
 []


Overfull \hbox (592.64877pt too wide) in paragraph at lines 36--36
[]\OT1/pcr/m/n/10.95 s.getLastAnimator().addTarget(PropertySetter.getTarget(rec
t_list.get(b), "currentY", rect_list.get(b).getRec().y-rectSpace(), rect_list.g
et(b).getRec().y));[] 
 []


Overfull \hbox (178.73927pt too wide) in paragraph at lines 36--36
[]\OT1/pcr/m/n/10.95 s.addAnimator(new Animator.Builder().setDuration(1, TimeUn
it.MILLISECONDS).build(), nextBtn);[] 
 []


Overfull \hbox (67.04941pt too wide) in paragraph at lines 36--36
[]\OT1/pcr/m/n/10.95 s.getLastAnimator().addTarget(new ContinuousAnimation(curr
entStep+1, this));[] 
 []


Overfull \hbox (283.85915pt too wide) in paragraph at lines 36--36
[]\OT1/pcr/m/n/10.95 s.addChanges(new Change("swap", rect_list.get(a), rect_lis
t.get(a).getRec().x, rect_list.get(a).getRec().y));[] 
 []


Overfull \hbox (283.85915pt too wide) in paragraph at lines 36--36
[]\OT1/pcr/m/n/10.95 s.addChanges(new Change("swap", rect_list.get(b), rect_lis
t.get(b).getRec().x, rect_list.get(b).getRec().y));[] 
 []

)

LaTeX Warning: Reference `fig:swap' on page 11 undefined on input line 131.

[11] [12] [13]
Missing character: There is no ‚ in font ptmr7t!
Missing character: There is no Ä in font ptmr7t!
Missing character: There is no ú in font ptmr7t!
Missing character: There is no ‚ in font ptmr7t!
Missing character: There is no Ä in font ptmr7t!
Missing character: There is no ù in font ptmr7t!
Missing character: There is no ‚ in font ptmr7t!
Missing character: There is no Ä in font ptmr7t!
Missing character: There is no ô in font ptmr7t!
Missing character: There is no ‚ in font ptmr7t!
Missing character: There is no Ä in font ptmr7t!
Missing character: There is no ò in font ptmr7t!
Missing character: There is no ‚ in font ptmr7t!
Missing character: There is no Ä in font ptmr7t!
Missing character: There is no ô in font ptmr7t!
 [14]
Missing character: There is no ‚ in font ptmr7t!
Missing character: There is no Ä in font ptmr7t!
Missing character: There is no ô in font ptmr7t!
Missing character: There is no ‚ in font ptmr7t!
Missing character: There is no Ä in font ptmr7t!
Missing character: There is no ô in font ptmr7t!
Missing character: There is no ‚ in font ptmr7t!
Missing character: There is no Ä in font ptmr7t!
Missing character: There is no ô in font ptmr7t!
Missing character: There is no ‚ in font ptmr7t!
Missing character: There is no Ä in font ptmr7t!
Missing character: There is no ô in font ptmr7t!
 [15]
Missing character: There is no ‚ in font ptmr7t!
Missing character: There is no Ä in font ptmr7t!
Missing character: There is no ô in font ptmr7t!
Missing character: There is no ‚ in font ptmr7t!
Missing character: There is no Ä in font ptmr7t!
Missing character: There is no ú in font ptmr7t!
Missing character: There is no ‚ in font ptmr7t!
Missing character: There is no Ä in font ptmr7t!
Missing character: There is no ù in font ptmr7t!
Missing character: There is no ‚ in font ptmr7t!
Missing character: There is no Ä in font ptmr7t!
Missing character: There is no ô in font ptmr7t!
Missing character: There is no ‚ in font ptmr7t!
Missing character: There is no Ä in font ptmr7t!
Missing character: There is no ô in font ptmr7t!

<images/flash1.png, id=108, 589.20125pt x 388.45125pt>
File: images/flash1.png Graphic file (type png)
 <use images/flash1.png>
Package pdftex.def Info: images/flash1.png used on input line 218.
(pdftex.def)             Requested size: 327.20668pt x 215.72339pt.

[16] [17 <./images/flash1.png>]

LaTeX Warning: Citation `website:TimingFramework' on page 18 undefined on input
 line 240.


LaTeX Warning: Citation `website:JavaFX' on page 18 undefined on input line 260
.

Missing character: There is no ‚ in font ptmr7t!
Missing character: There is no Ä in font ptmr7t!
Missing character: There is no ô in font ptmr7t!
Missing character: There is no ‚ in font ptmr7t!
Missing character: There is no Ä in font ptmr7t!
Missing character: There is no ô in font ptmr7t!
[18]

LaTeX Warning: Citation `website:Trident' on page 19 undefined on input line 27
6.

Missing character: There is no ‚ in font ptmr7t!
Missing character: There is no Ä in font ptmr7t!
Missing character: There is no ô in font ptmr7t!
Missing character: There is no ‚ in font ptmr7t!
Missing character: There is no Ä in font ptmr7t!
Missing character: There is no ô in font ptmr7t!
(./figures/frameworkExamples.tex)

LaTeX Warning: Reference `fig:frameworkExamples' on page 19 undefined on input 
line 293.

[19]
Missing character: There is no ‚ in font ptmr7t!
Missing character: There is no Ä in font ptmr7t!
Missing character: There is no ô in font ptmr7t!
 (./figures/linkedListsExample.tex
Overfull \hbox (40.76944pt too wide) in paragraph at lines 15--15
[]\OT1/pcr/m/n/10.95 while(node.getNext() != null && !(node.getData().getLabel(
).equals(i))){[] 
 []


Overfull \hbox (264.14917pt too wide) in paragraph at lines 15--15
[]\OT1/pcr/m/n/10.95 (**) prev.setNext(node.getNext());   //joins the pointer f
or the prev element after the to be deleted node[] 
 []

)

LaTeX Warning: Reference `fig:linkedListsExample' on page 20 undefined on input
 line 307.


LaTeX Warning: Reference `fig:linkedListsExample' on page 20 undefined on input
 line 309.

Missing character: There is no ‚ in font ptmr7t!
Missing character: There is no Ä in font ptmr7t!
Missing character: There is no ô in font ptmr7t!
[20] (./figures/linkedListsDeletion.tex
Overfull \hbox (60.47942pt too wide) in paragraph at lines 8--8
[]\OT1/pcr/m/n/10.95 if (steps.get(currentStep).getChanges().get(0).getType() =
= "deleteNode") {[] 
 []


Overfull \hbox (99.89937pt too wide) in paragraph at lines 8--8
[]    \OT1/pcr/m/n/10.95 Node<Rect> p = steps.get(currentStep).getChanges().get
(0).getNodeReference();[] 
 []

)
Missing character: There is no ‚ in font ptmr7t!
Missing character: There is no Ä in font ptmr7t!
Missing character: There is no ú in font ptmr7t!
Missing character: There is no ‚ in font ptmr7t!
Missing character: There is no Ä in font ptmr7t!
Missing character: There is no ù in font ptmr7t!
Missing character: There is no ‚ in font ptmr7t!
Missing character: There is no Ä in font ptmr7t!
Missing character: There is no ò in font ptmr7t!
Missing character: There is no ‚ in font ptmr7t!
Missing character: There is no Ä in font ptmr7t!
Missing character: There is no ô in font ptmr7t!
Missing character: There is no ‚ in font ptmr7t!
Missing character: There is no Ä in font ptmr7t!
Missing character: There is no ú in font ptmr7t!
Missing character: There is no ‚ in font ptmr7t!
Missing character: There is no Ä in font ptmr7t!
Missing character: There is no ù in font ptmr7t!


LaTeX Warning: Reference `fig:linkedListsDeletion' on page 21 undefined on inpu
t line 315.

[21]
Missing character: There is no ‚ in font ptmr7t!
Missing character: There is no Ä in font ptmr7t!
Missing character: There is no ò in font ptmr7t!
Missing character: There is no ‚ in font ptmr7t!
Missing character: There is no Ä in font ptmr7t!
Missing character: There is no ô in font ptmr7t!
Missing character: There is no ‚ in font ptmr7t!
Missing character: There is no Ä in font ptmr7t!
Missing character: There is no ¶ in font ptmr7t!
Missing character: There is no ‚ in font ptmr7t!
Missing character: There is no Ä in font ptmr7t!
Missing character: There is no ¶ in font ptmr7t!
Missing character: There is no ‚ in font ptmr7t!
Missing character: There is no Ä in font ptmr7t!
Missing character: There is no ¶ in font ptmr7t!
Missing character: There is no ‚ in font ptmr7t!
Missing character: There is no Ä in font ptmr7t!
Missing character: There is no ¶ in font ptmr7t!
Missing character: There is no ‚ in font ptmr7t!
Missing character: There is no Ä in font ptmr7t!
Missing character: There is no ¶ in font ptmr7t!
Missing character: There is no ‚ in font ptmr7t!
Missing character: There is no Ä in font ptmr7t!
Missing character: There is no ¶ in font ptmr7t!


LaTeX Warning: Citation `website:TimingFramework' on page 22 undefined on input
 line 350.

[22]

LaTeX Warning: Reference `fig:firstPrototype' on page 23 undefined on input lin
e 352.

(./figures/firstPrototype.tex
<images/firstPrototype.png, id=147, 803.0pt x 502.87875pt>
File: images/firstPrototype.png Graphic file (type png)

<use images/firstPrototype.png>
Package pdftex.def Info: images/firstPrototype.png used on input line 3.
(pdftex.def)             Requested size: 432.26999pt x 270.71408pt.
) (./figures/arthurPrototype.tex
Overfull \hbox (67.04941pt too wide) in paragraph at lines 52--52
[]        \OT1/pcr/m/n/10.95 System.arraycopy(anArr.getToDo().peek(), 0, steps,
 0, steps.length);[] 
 []


Overfull \hbox (21.05946pt too wide) in paragraph at lines 52--52
[]            \OT1/pcr/m/n/10.95 Rectangle rect = rect_list[steps[i].getIndex()
].getRec();[] 
 []


Overfull \hbox (34.19945pt too wide) in paragraph at lines 52--52
[]                        \OT1/pcr/m/n/10.95 rect_list[steps[i].getIndex()].get
Rec().x += 1;[] 
 []


Overfull \hbox (34.19945pt too wide) in paragraph at lines 52--52
[]                        \OT1/pcr/m/n/10.95 rect_list[steps[i].getIndex()].get
Rec().x -= 1;[] 
 []


Overfull \hbox (34.19945pt too wide) in paragraph at lines 52--52
[]                        \OT1/pcr/m/n/10.95 rect_list[steps[i].getIndex()].get
Rec().y += 1;[] 
 []


Overfull \hbox (34.19945pt too wide) in paragraph at lines 52--52
[]                        \OT1/pcr/m/n/10.95 rect_list[steps[i].getIndex()].get
Rec().y -= 1;[] 
 []


Overfull \hbox (7.91948pt too wide) in paragraph at lines 52--52
[]                    \OT1/pcr/m/n/10.95 rect_list[steps[i].getIndex()].getRec(
).x += 1;[] 
 []


Overfull \hbox (7.91948pt too wide) in paragraph at lines 52--52
[]                    \OT1/pcr/m/n/10.95 rect_list[steps[i].getIndex()].getRec(
).x -= 1;[] 
 []


LaTeX Warning: Float too large for page by 16.3604pt on input line 56.

)
Missing character: There is no ‚ in font ptmr7t!
Missing character: There is no Ä in font ptmr7t!
Missing character: There is no ô in font ptmr7t!


LaTeX Warning: Reference `fig:arthurPrototype' on page 23 undefined on input li
ne 362.

Missing character: There is no ‚ in font ptmr7t!
Missing character: There is no Ä in font ptmr7t!
Missing character: There is no ô in font ptmr7t!
Missing character: There is no ‚ in font ptmr7t!
Missing character: There is no Ä in font ptmr7t!
Missing character: There is no ì in font ptmr7t!
[23 <./images/firstPrototype.png>] [24]

LaTeX Warning: Citation `website:TimingFrameworkDemo' on page 25 undefined on i
nput line 373.

(./figures/gPrototype.tex
Overfull \hbox (73.6194pt too wide) in paragraph at lines 9--9
[]\OT1/pcr/m/n/10.95 s.addAnimator(new Animator.Builder().setDuration(time, Tim
eUnit.MILLISECONDS)[] 
 []


Overfull \hbox (40.76944pt too wide) in paragraph at lines 9--9
[]\OT1/pcr/m/n/10.95 s.getLastAnimator().addTarget(PropertySetter.getTarget(rec
t_list.get(b),[] 
 []


Overfull \hbox (40.76944pt too wide) in paragraph at lines 9--9
[]\OT1/pcr/m/n/10.95 "currentX", rect_list.get(b).getRec().x, rect_list.get(a).
getRec().x));}[] 
 []

)

LaTeX Warning: Reference `fig:gPrototype' on page 25 undefined on input line 37
7.

Missing character: There is no ‚ in font ptmr7t!
Missing character: There is no Ä in font ptmr7t!
Missing character: There is no ì in font ptmr7t!
Missing character: There is no ‚ in font ptmr7t!
Missing character: There is no Ä in font ptmr7t!
Missing character: There is no ô in font ptmr7t!
[25]

LaTeX Warning: Reference `fig:coupling' on page 26 undefined on input line 407.


(./figures/coupling.tex
<images/coupling.png, id=164, 471.7625pt x 173.64874pt>
File: images/coupling.png Graphic file (type png)

<use images/coupling.png>
Package pdftex.def Info: images/coupling.png used on input line 3.
(pdftex.def)             Requested size: 432.26999pt x 159.1149pt.
) [26 <./images/coupling.png>]
(./figures/changeStructure.tex
<images/changeStructure.png, id=174, 410.53375pt x 166.6225pt>
File: images/changeStructure.png Graphic file (type png)

<use images/changeStructure.png>
Package pdftex.def Info: images/changeStructure.png used on input line 3.
(pdftex.def)             Requested size: 432.26999pt x 175.44438pt.
)

LaTeX Warning: Reference `fig:changeStructure' on page 27 undefined on input li
ne 426.

[27 <./images/changeStructure.png>] [28]
Chapter 4.
[29

]
Chapter 5.
No file example.bbl.
Package atveryend Info: Empty hook `BeforeClearDocument' on input line 453.
[30

]
Package atveryend Info: Empty hook `AfterLastShipout' on input line 453.
 (./example.aux)
Package atveryend Info: Executing hook `AtVeryEndDocument' on input line 453.
Package atveryend Info: Executing hook `AtEndAfterFileList' on input line 453.


Package rerunfilecheck Warning: File `example.out' has changed.
(rerunfilecheck)                Rerun to get outlines right
(rerunfilecheck)                or use package `bookmark'.

Package rerunfilecheck Info: Checksums for `example.out':
(rerunfilecheck)             Before: <no file>
(rerunfilecheck)             After:  7AB18F2815A4B3A82BA7B275852583E9;1723.

LaTeX Warning: There were undefined references.


LaTeX Warning: Label(s) may have changed. Rerun to get cross-references right.

Package atveryend Info: Empty hook `AtVeryVeryEnd' on input line 453.
 ) 
Here is how much of TeX's memory you used:
 6228 strings out of 493488
 95669 string characters out of 3141326
 208237 words of memory out of 3000000
 9338 multiletter control sequences out of 15000+200000
 24975 words of font info for 50 fonts, out of 3000000 for 9000
 957 hyphenation exceptions out of 8191
 36i,7n,28p,1306b,443s stack positions out of 5000i,500n,10000p,200000b,50000s
{/usr/local/texlive/2012/texmf-dist/fonts/enc/dvips/base/8r.enc}</usr/local/t
exlive/2012/texmf-dist/fonts/type1/public/amsfonts/cm/cmsy10.pfb></usr/local/te
xlive/2012/texmf-dist/fonts/type1/urw/courier/ucrr8a.pfb></usr/local/texlive/20
12/texmf-dist/fonts/type1/urw/times/utmb8a.pfb></usr/local/texlive/2012/texmf-d
ist/fonts/type1/urw/times/utmr8a.pfb></usr/local/texlive/2012/texmf-dist/fonts/
type1/urw/times/utmri8a.pfb>
Output written on example.pdf (32 pages, 327644 bytes).
PDF statistics:
 239 PDF objects out of 1000 (max. 8388607)
 186 compressed objects within 2 object streams
 76 named destinations out of 1000 (max. 500000)
 61 words of extra memory for PDF output out of 10000 (max. 10000000)

